The first 10 digits of Pi are 3.1415926535
Time to calculate Pi serially with 100000000 steps is: 0.391755
Pi is 3.1415926536
Time to calculate Pi in // with 100000000 steps is: 14.5177
Pi is 3.1415926536
Time to calculate Pi in // with 100000000 guesses is: 0.106877
Pi is 3.1416978800
The first 10 digits of Pi are 3.1415926535
Time to calculate Pi serially with 100000000 steps is: 0.391743
Pi is 3.1415926536
Time to calculate Pi in // with 100000000 steps is: 11.479
Pi is 3.1415926536
Time to calculate Pi in // with 100000000 guesses is: 0.106906
Pi is 3.1414336400
The first 10 digits of Pi are 3.1415926535
Time to calculate Pi serially with 100000000 steps is: 0.39121
Pi is 3.1415926536
Time to calculate Pi in // with 100000000 steps is: 16.1841
Pi is 3.1415926536
Time to calculate Pi in // with 100000000 guesses is: 0.108191
Pi is 3.1414161600
The first 10 digits of Pi are 3.1415926535
Time to calculate Pi serially with 100000000 steps is: 0.39189
Pi is 3.1415926536
Time to calculate Pi in // with 100000000 steps is: 15.4221
Pi is 3.1415926536
Time to calculate Pi in // with 100000000 guesses is: 0.108077
Pi is 3.1416945600
The first 10 digits of Pi are 3.1415926535
Time to calculate Pi serially with 100000000 steps is: 0.391996
Pi is 3.1415926536
Time to calculate Pi in // with 100000000 steps is: 10.6907
Pi is 3.1415926536
Time to calculate Pi in // with 100000000 guesses is: 0.107301
Pi is 3.1416655600
The first 10 digits of Pi are 3.1415926535
Time to calculate Pi serially with 100000000 steps is: 0.392074
Pi is 3.1415926536
Time to calculate Pi in // with 100000000 steps is: 15.414
Pi is 3.1415926536
Time to calculate Pi in // with 100000000 guesses is: 0.106957
Pi is 3.1417161200
The first 10 digits of Pi are 3.1415926535
Time to calculate Pi serially with 100000000 steps is: 0.392412
Pi is 3.1415926536
Time to calculate Pi in // with 100000000 steps is: 10.4083
Pi is 3.1415926536
Time to calculate Pi in // with 100000000 guesses is: 0.107652
Pi is 3.1416163600
The first 10 digits of Pi are 3.1415926535
Time to calculate Pi serially with 100000000 steps is: 0.391937
Pi is 3.1415926536
Time to calculate Pi in // with 100000000 steps is: 10.9806
Pi is 3.1415926536
Time to calculate Pi in // with 100000000 guesses is: 0.107085
Pi is 3.1416516800
The first 10 digits of Pi are 3.1415926535
Time to calculate Pi serially with 100000000 steps is: 0.391797
Pi is 3.1415926536
Time to calculate Pi in // with 100000000 steps is: 16.2554
Pi is 3.1415926536
Time to calculate Pi in // with 100000000 guesses is: 0.107481
Pi is 3.1419734400
The first 10 digits of Pi are 3.1415926535
Time to calculate Pi serially with 100000000 steps is: 0.391883
Pi is 3.1415926536
Time to calculate Pi in // with 100000000 steps is: 15.6657
Pi is 3.1415926536
Time to calculate Pi in // with 100000000 guesses is: 0.107415
Pi is 3.1415003600
The first 10 digits of Pi are 3.1415926535
Time to calculate Pi serially with 100000000 steps is: 0.391675
Pi is 3.1415926536
Time to calculate Pi in // with 100000000 steps is: 16.7161
Pi is 3.1415926536
Time to calculate Pi in // with 100000000 guesses is: 0.107599
Pi is 3.1413819200
The first 10 digits of Pi are 3.1415926535
Time to calculate Pi serially with 100000000 steps is: 0.39173
Pi is 3.1415926536
Time to calculate Pi in // with 100000000 steps is: 14.4925
Pi is 3.1415926536
Time to calculate Pi in // with 100000000 guesses is: 0.107473
Pi is 3.1417098400
The first 10 digits of Pi are 3.1415926535
Time to calculate Pi serially with 100000000 steps is: 0.391809
Pi is 3.1415926536
Time to calculate Pi in // with 100000000 steps is: 15.4685
Pi is 3.1415926536
Time to calculate Pi in // with 100000000 guesses is: 0.107195
Pi is 3.1414206800
The first 10 digits of Pi are 3.1415926535
Time to calculate Pi serially with 100000000 steps is: 0.391857
Pi is 3.1415926536
Time to calculate Pi in // with 100000000 steps is: 16.7753
Pi is 3.1415926536
Time to calculate Pi in // with 100000000 guesses is: 0.107262
Pi is 3.1416700400
The first 10 digits of Pi are 3.1415926535
Time to calculate Pi serially with 100000000 steps is: 0.391789
Pi is 3.1415926536
Time to calculate Pi in // with 100000000 steps is: 13.5583
Pi is 3.1415926536
Time to calculate Pi in // with 100000000 guesses is: 0.107379
Pi is 3.1414785600
The first 10 digits of Pi are 3.1415926535
Time to calculate Pi serially with 100000000 steps is: 0.391578
Pi is 3.1415926536
Time to calculate Pi in // with 100000000 steps is: 14.7277
Pi is 3.1415926536
Time to calculate Pi in // with 100000000 guesses is: 0.107328
Pi is 3.1415954800
The first 10 digits of Pi are 3.1415926535
Time to calculate Pi serially with 100000000 steps is: 0.391162
Pi is 3.1415926536
Time to calculate Pi in // with 100000000 steps is: 13.5635
Pi is 3.1415926536
Time to calculate Pi in // with 100000000 guesses is: 0.106991
Pi is 3.1415940000
The first 10 digits of Pi are 3.1415926535
Time to calculate Pi serially with 100000000 steps is: 0.391953
Pi is 3.1415926536
Time to calculate Pi in // with 100000000 steps is: 16.3132
Pi is 3.1415926536
Time to calculate Pi in // with 100000000 guesses is: 0.107533
Pi is 3.1414767200
The first 10 digits of Pi are 3.1415926535
Time to calculate Pi serially with 100000000 steps is: 0.391596
Pi is 3.1415926536
Time to calculate Pi in // with 100000000 steps is: 10.7733
Pi is 3.1415926536
Time to calculate Pi in // with 100000000 guesses is: 0.107592
Pi is 3.1414779600
The first 10 digits of Pi are 3.1415926535
Time to calculate Pi serially with 100000000 steps is: 0.391677
Pi is 3.1415926536
Time to calculate Pi in // with 100000000 steps is: 16.1912
Pi is 3.1415926536
Time to calculate Pi in // with 100000000 guesses is: 0.107447
Pi is 3.1416398800
