The first 10 digits of Pi are 3.1415926535
Time to calculate Pi serially with 100000000 steps is: 0.391
Pi is 3.1415926536
Time to calculate Pi in // with 100000000 steps is: 6.14081
Pi is 3.1415926536
Time to calculate Pi in // with 100000000 guesses is: 0.847135
Pi is 3.1414625600
The first 10 digits of Pi are 3.1415926535
Time to calculate Pi serially with 100000000 steps is: 0.390838
Pi is 3.1415926536
Time to calculate Pi in // with 100000000 steps is: 4.10675
Pi is 3.1415926536
Time to calculate Pi in // with 100000000 guesses is: 0.847036
Pi is 3.1416373600
The first 10 digits of Pi are 3.1415926535
Time to calculate Pi serially with 100000000 steps is: 0.391097
Pi is 3.1415926536
Time to calculate Pi in // with 100000000 steps is: 5.36861
Pi is 3.1415926536
Time to calculate Pi in // with 100000000 guesses is: 0.846518
Pi is 3.1417063600
The first 10 digits of Pi are 3.1415926535
Time to calculate Pi serially with 100000000 steps is: 0.390663
Pi is 3.1415926536
Time to calculate Pi in // with 100000000 steps is: 5.09527
Pi is 3.1415926536
Time to calculate Pi in // with 100000000 guesses is: 0.85164
Pi is 3.1416603200
The first 10 digits of Pi are 3.1415926535
Time to calculate Pi serially with 100000000 steps is: 0.39069
Pi is 3.1415926536
Time to calculate Pi in // with 100000000 steps is: 5.9023
Pi is 3.1415926536
Time to calculate Pi in // with 100000000 guesses is: 0.846501
Pi is 3.1415633200
The first 10 digits of Pi are 3.1415926535
Time to calculate Pi serially with 100000000 steps is: 0.390728
Pi is 3.1415926536
Time to calculate Pi in // with 100000000 steps is: 5.01096
Pi is 3.1415926536
Time to calculate Pi in // with 100000000 guesses is: 0.846581
Pi is 3.1417334800
The first 10 digits of Pi are 3.1415926535
Time to calculate Pi serially with 100000000 steps is: 0.390918
Pi is 3.1415926536
Time to calculate Pi in // with 100000000 steps is: 4.25021
Pi is 3.1415926536
Time to calculate Pi in // with 100000000 guesses is: 0.852006
Pi is 3.1415217600
The first 10 digits of Pi are 3.1415926535
Time to calculate Pi serially with 100000000 steps is: 0.39102
Pi is 3.1415926536
Time to calculate Pi in // with 100000000 steps is: 4.39117
Pi is 3.1415926536
Time to calculate Pi in // with 100000000 guesses is: 0.846125
Pi is 3.1416165600
The first 10 digits of Pi are 3.1415926535
Time to calculate Pi serially with 100000000 steps is: 0.390621
Pi is 3.1415926536
Time to calculate Pi in // with 100000000 steps is: 5.03714
Pi is 3.1415926536
Time to calculate Pi in // with 100000000 guesses is: 0.846466
Pi is 3.1414540800
The first 10 digits of Pi are 3.1415926535
Time to calculate Pi serially with 100000000 steps is: 0.390587
Pi is 3.1415926536
Time to calculate Pi in // with 100000000 steps is: 5.64866
Pi is 3.1415926536
Time to calculate Pi in // with 100000000 guesses is: 0.846283
Pi is 3.1414330800
The first 10 digits of Pi are 3.1415926535
Time to calculate Pi serially with 100000000 steps is: 0.390691
Pi is 3.1415926536
Time to calculate Pi in // with 100000000 steps is: 5.95617
Pi is 3.1415926536
Time to calculate Pi in // with 100000000 guesses is: 0.846245
Pi is 3.1416416000
The first 10 digits of Pi are 3.1415926535
Time to calculate Pi serially with 100000000 steps is: 0.39068
Pi is 3.1415926536
Time to calculate Pi in // with 100000000 steps is: 5.04678
Pi is 3.1415926536
Time to calculate Pi in // with 100000000 guesses is: 0.846902
Pi is 3.1416392400
The first 10 digits of Pi are 3.1415926535
Time to calculate Pi serially with 100000000 steps is: 0.390621
Pi is 3.1415926536
Time to calculate Pi in // with 100000000 steps is: 5.49204
Pi is 3.1415926536
Time to calculate Pi in // with 100000000 guesses is: 0.846623
Pi is 3.1415507200
The first 10 digits of Pi are 3.1415926535
Time to calculate Pi serially with 100000000 steps is: 0.390745
Pi is 3.1415926536
Time to calculate Pi in // with 100000000 steps is: 5.77265
Pi is 3.1415926536
Time to calculate Pi in // with 100000000 guesses is: 0.846535
Pi is 3.1413976800
The first 10 digits of Pi are 3.1415926535
Time to calculate Pi serially with 100000000 steps is: 0.390793
Pi is 3.1415926536
Time to calculate Pi in // with 100000000 steps is: 5.03891
Pi is 3.1415926536
Time to calculate Pi in // with 100000000 guesses is: 0.846622
Pi is 3.1414113600
The first 10 digits of Pi are 3.1415926535
Time to calculate Pi serially with 100000000 steps is: 0.390903
Pi is 3.1415926536
Time to calculate Pi in // with 100000000 steps is: 4.08564
Pi is 3.1415926536
Time to calculate Pi in // with 100000000 guesses is: 0.84691
Pi is 3.1416651200
The first 10 digits of Pi are 3.1415926535
Time to calculate Pi serially with 100000000 steps is: 0.390747
Pi is 3.1415926536
Time to calculate Pi in // with 100000000 steps is: 6.06906
Pi is 3.1415926536
Time to calculate Pi in // with 100000000 guesses is: 0.846299
Pi is 3.1417364800
The first 10 digits of Pi are 3.1415926535
Time to calculate Pi serially with 100000000 steps is: 0.390878
Pi is 3.1415926536
Time to calculate Pi in // with 100000000 steps is: 4.36894
Pi is 3.1415926536
Time to calculate Pi in // with 100000000 guesses is: 0.85214
Pi is 3.1416213200
The first 10 digits of Pi are 3.1415926535
Time to calculate Pi serially with 100000000 steps is: 0.390613
Pi is 3.1415926536
Time to calculate Pi in // with 100000000 steps is: 5.07876
Pi is 3.1415926536
Time to calculate Pi in // with 100000000 guesses is: 0.846698
Pi is 3.1413980400
The first 10 digits of Pi are 3.1415926535
Time to calculate Pi serially with 100000000 steps is: 0.390689
Pi is 3.1415926536
Time to calculate Pi in // with 100000000 steps is: 5.93924
Pi is 3.1415926536
Time to calculate Pi in // with 100000000 guesses is: 0.846627
Pi is 3.1415798800
