The first 10 digits of Pi are 3.1415926535
Time to calculate Pi serially with 100000000 steps is: 0.391014
Pi is 3.1415926536
Time to calculate Pi in // with 100000000 steps is: 7.50421
Pi is 3.1415926536
Time to calculate Pi in // with 100000000 guesses is: 0.213294
Pi is 3.1417141200
The first 10 digits of Pi are 3.1415926535
Time to calculate Pi serially with 100000000 steps is: 0.390765
Pi is 3.1415926536
Time to calculate Pi in // with 100000000 steps is: 10.4261
Pi is 3.1415926536
Time to calculate Pi in // with 100000000 guesses is: 0.213114
Pi is 3.1417388800
The first 10 digits of Pi are 3.1415926535
Time to calculate Pi serially with 100000000 steps is: 0.391173
Pi is 3.1415926536
Time to calculate Pi in // with 100000000 steps is: 7.75012
Pi is 3.1415926536
Time to calculate Pi in // with 100000000 guesses is: 0.214208
Pi is 3.1415267200
The first 10 digits of Pi are 3.1415926535
Time to calculate Pi serially with 100000000 steps is: 0.3907
Pi is 3.1415926536
Time to calculate Pi in // with 100000000 steps is: 9.87727
Pi is 3.1415926536
Time to calculate Pi in // with 100000000 guesses is: 0.213164
Pi is 3.1417295200
The first 10 digits of Pi are 3.1415926535
Time to calculate Pi serially with 100000000 steps is: 0.390471
Pi is 3.1415926536
Time to calculate Pi in // with 100000000 steps is: 10.1099
Pi is 3.1415926536
Time to calculate Pi in // with 100000000 guesses is: 0.220312
Pi is 3.1418098800
The first 10 digits of Pi are 3.1415926535
Time to calculate Pi serially with 100000000 steps is: 0.390698
Pi is 3.1415926536
Time to calculate Pi in // with 100000000 steps is: 9.64803
Pi is 3.1415926536
Time to calculate Pi in // with 100000000 guesses is: 0.214487
Pi is 3.1416511200
The first 10 digits of Pi are 3.1415926535
Time to calculate Pi serially with 100000000 steps is: 0.390979
Pi is 3.1415926536
Time to calculate Pi in // with 100000000 steps is: 7.50235
Pi is 3.1415926536
Time to calculate Pi in // with 100000000 guesses is: 0.219309
Pi is 3.1413474400
The first 10 digits of Pi are 3.1415926535
Time to calculate Pi serially with 100000000 steps is: 0.390765
Pi is 3.1415926536
Time to calculate Pi in // with 100000000 steps is: 10.5452
Pi is 3.1415926536
Time to calculate Pi in // with 100000000 guesses is: 0.219416
Pi is 3.1414755600
The first 10 digits of Pi are 3.1415926535
Time to calculate Pi serially with 100000000 steps is: 0.391061
Pi is 3.1415926536
Time to calculate Pi in // with 100000000 steps is: 9.73149
Pi is 3.1415926536
Time to calculate Pi in // with 100000000 guesses is: 0.214419
Pi is 3.1416727200
The first 10 digits of Pi are 3.1415926535
Time to calculate Pi serially with 100000000 steps is: 0.39055
Pi is 3.1415926536
Time to calculate Pi in // with 100000000 steps is: 7.42173
Pi is 3.1415926536
Time to calculate Pi in // with 100000000 guesses is: 0.214099
Pi is 3.1415802000
The first 10 digits of Pi are 3.1415926535
Time to calculate Pi serially with 100000000 steps is: 0.39093
Pi is 3.1415926536
Time to calculate Pi in // with 100000000 steps is: 9.57784
Pi is 3.1415926536
Time to calculate Pi in // with 100000000 guesses is: 0.219591
Pi is 3.1414814800
The first 10 digits of Pi are 3.1415926535
Time to calculate Pi serially with 100000000 steps is: 0.390846
Pi is 3.1415926536
Time to calculate Pi in // with 100000000 steps is: 9.93634
Pi is 3.1415926536
Time to calculate Pi in // with 100000000 guesses is: 0.21466
Pi is 3.1416779200
The first 10 digits of Pi are 3.1415926535
Time to calculate Pi serially with 100000000 steps is: 0.390793
Pi is 3.1415926536
Time to calculate Pi in // with 100000000 steps is: 7.3032
Pi is 3.1415926536
Time to calculate Pi in // with 100000000 guesses is: 0.214106
Pi is 3.1415525200
The first 10 digits of Pi are 3.1415926535
Time to calculate Pi serially with 100000000 steps is: 0.390654
Pi is 3.1415926536
Time to calculate Pi in // with 100000000 steps is: 7.54441
Pi is 3.1415926536
Time to calculate Pi in // with 100000000 guesses is: 0.214406
Pi is 3.1413670800
The first 10 digits of Pi are 3.1415926535
Time to calculate Pi serially with 100000000 steps is: 0.391002
Pi is 3.1415926536
Time to calculate Pi in // with 100000000 steps is: 7.30736
Pi is 3.1415926536
Time to calculate Pi in // with 100000000 guesses is: 0.219168
Pi is 3.1415274400
The first 10 digits of Pi are 3.1415926535
Time to calculate Pi serially with 100000000 steps is: 0.391352
Pi is 3.1415926536
Time to calculate Pi in // with 100000000 steps is: 9.94379
Pi is 3.1415926536
Time to calculate Pi in // with 100000000 guesses is: 0.214184
Pi is 3.1411548400
The first 10 digits of Pi are 3.1415926535
Time to calculate Pi serially with 100000000 steps is: 0.391035
Pi is 3.1415926536
Time to calculate Pi in // with 100000000 steps is: 7.29266
Pi is 3.1415926536
Time to calculate Pi in // with 100000000 guesses is: 0.214312
Pi is 3.1413754000
The first 10 digits of Pi are 3.1415926535
Time to calculate Pi serially with 100000000 steps is: 0.391727
Pi is 3.1415926536
Time to calculate Pi in // with 100000000 steps is: 9.51254
Pi is 3.1415926536
Time to calculate Pi in // with 100000000 guesses is: 0.214258
Pi is 3.1413663600
The first 10 digits of Pi are 3.1415926535
Time to calculate Pi serially with 100000000 steps is: 0.391101
Pi is 3.1415926536
Time to calculate Pi in // with 100000000 steps is: 7.25566
Pi is 3.1415926536
Time to calculate Pi in // with 100000000 guesses is: 0.214148
Pi is 3.1415914400
The first 10 digits of Pi are 3.1415926535
Time to calculate Pi serially with 100000000 steps is: 0.391029
Pi is 3.1415926536
Time to calculate Pi in // with 100000000 steps is: 10.7145
Pi is 3.1415926536
Time to calculate Pi in // with 100000000 guesses is: 0.219322
Pi is 3.1415688400
