The first 10 digits of Pi are 3.1415926535
Time to calculate Pi serially with 100000000 steps is: 0.390676
Pi is 3.1415926536
Time to calculate Pi in // with 100000000 steps is: 11.5279
Pi is 3.1415926536
Time to calculate Pi in // with 100000000 guesses is: 0.425383
Pi is 3.1414470400
The first 10 digits of Pi are 3.1415926535
Time to calculate Pi serially with 100000000 steps is: 0.390766
Pi is 3.1415926536
Time to calculate Pi in // with 100000000 steps is: 10.7577
Pi is 3.1415926536
Time to calculate Pi in // with 100000000 guesses is: 0.423407
Pi is 3.1417575200
The first 10 digits of Pi are 3.1415926535
Time to calculate Pi serially with 100000000 steps is: 0.390602
Pi is 3.1415926536
Time to calculate Pi in // with 100000000 steps is: 10.2685
Pi is 3.1415926536
Time to calculate Pi in // with 100000000 guesses is: 0.423701
Pi is 3.1417930400
The first 10 digits of Pi are 3.1415926535
Time to calculate Pi serially with 100000000 steps is: 0.391189
Pi is 3.1415926536
Time to calculate Pi in // with 100000000 steps is: 7.00749
Pi is 3.1415926536
Time to calculate Pi in // with 100000000 guesses is: 0.423207
Pi is 3.1416551600
The first 10 digits of Pi are 3.1415926535
Time to calculate Pi serially with 100000000 steps is: 0.39101
Pi is 3.1415926536
Time to calculate Pi in // with 100000000 steps is: 10.1022
Pi is 3.1415926536
Time to calculate Pi in // with 100000000 guesses is: 0.425648
Pi is 3.1414801600
The first 10 digits of Pi are 3.1415926535
Time to calculate Pi serially with 100000000 steps is: 0.390567
Pi is 3.1415926536
Time to calculate Pi in // with 100000000 steps is: 10.7682
Pi is 3.1415926536
Time to calculate Pi in // with 100000000 guesses is: 0.425642
Pi is 3.1413387200
The first 10 digits of Pi are 3.1415926535
Time to calculate Pi serially with 100000000 steps is: 0.390589
Pi is 3.1415926536
Time to calculate Pi in // with 100000000 steps is: 11.0561
Pi is 3.1415926536
Time to calculate Pi in // with 100000000 guesses is: 0.423218
Pi is 3.1416142000
The first 10 digits of Pi are 3.1415926535
Time to calculate Pi serially with 100000000 steps is: 0.390857
Pi is 3.1415926536
Time to calculate Pi in // with 100000000 steps is: 6.90425
Pi is 3.1415926536
Time to calculate Pi in // with 100000000 guesses is: 0.427857
Pi is 3.1415995600
The first 10 digits of Pi are 3.1415926535
Time to calculate Pi serially with 100000000 steps is: 0.390831
Pi is 3.1415926536
Time to calculate Pi in // with 100000000 steps is: 10.6242
Pi is 3.1415926536
Time to calculate Pi in // with 100000000 guesses is: 0.425645
Pi is 3.1415889600
The first 10 digits of Pi are 3.1415926535
Time to calculate Pi serially with 100000000 steps is: 0.390997
Pi is 3.1415926536
Time to calculate Pi in // with 100000000 steps is: 10.3146
Pi is 3.1415926536
Time to calculate Pi in // with 100000000 guesses is: 0.425128
Pi is 3.1417231600
The first 10 digits of Pi are 3.1415926535
Time to calculate Pi serially with 100000000 steps is: 0.39076
Pi is 3.1415926536
Time to calculate Pi in // with 100000000 steps is: 11.034
Pi is 3.1415926536
Time to calculate Pi in // with 100000000 guesses is: 0.424005
Pi is 3.1417299200
The first 10 digits of Pi are 3.1415926535
Time to calculate Pi serially with 100000000 steps is: 0.392165
Pi is 3.1415926536
Time to calculate Pi in // with 100000000 steps is: 10.8433
Pi is 3.1415926536
Time to calculate Pi in // with 100000000 guesses is: 0.423435
Pi is 3.1415305200
The first 10 digits of Pi are 3.1415926535
Time to calculate Pi serially with 100000000 steps is: 0.391508
Pi is 3.1415926536
Time to calculate Pi in // with 100000000 steps is: 10.9174
Pi is 3.1415926536
Time to calculate Pi in // with 100000000 guesses is: 0.423878
Pi is 3.1417833200
The first 10 digits of Pi are 3.1415926535
Time to calculate Pi serially with 100000000 steps is: 0.391022
Pi is 3.1415926536
Time to calculate Pi in // with 100000000 steps is: 10.9842
Pi is 3.1415926536
Time to calculate Pi in // with 100000000 guesses is: 0.423361
Pi is 3.1414026000
The first 10 digits of Pi are 3.1415926535
Time to calculate Pi serially with 100000000 steps is: 0.391034
Pi is 3.1415926536
Time to calculate Pi in // with 100000000 steps is: 10.9857
Pi is 3.1415926536
Time to calculate Pi in // with 100000000 guesses is: 0.427235
Pi is 3.1413640000
The first 10 digits of Pi are 3.1415926535
Time to calculate Pi serially with 100000000 steps is: 0.390822
Pi is 3.1415926536
Time to calculate Pi in // with 100000000 steps is: 8.68443
Pi is 3.1415926536
Time to calculate Pi in // with 100000000 guesses is: 0.423325
Pi is 3.1414312800
The first 10 digits of Pi are 3.1415926535
Time to calculate Pi serially with 100000000 steps is: 0.390689
Pi is 3.1415926536
Time to calculate Pi in // with 100000000 steps is: 7.48036
Pi is 3.1415926536
Time to calculate Pi in // with 100000000 guesses is: 0.423861
Pi is 3.1416909200
The first 10 digits of Pi are 3.1415926535
Time to calculate Pi serially with 100000000 steps is: 0.391017
Pi is 3.1415926536
Time to calculate Pi in // with 100000000 steps is: 10.9597
Pi is 3.1415926536
Time to calculate Pi in // with 100000000 guesses is: 0.423715
Pi is 3.1414826400
The first 10 digits of Pi are 3.1415926535
Time to calculate Pi serially with 100000000 steps is: 0.390848
Pi is 3.1415926536
Time to calculate Pi in // with 100000000 steps is: 10.6481
Pi is 3.1415926536
Time to calculate Pi in // with 100000000 guesses is: 0.424242
Pi is 3.1416564000
The first 10 digits of Pi are 3.1415926535
Time to calculate Pi serially with 100000000 steps is: 0.391286
Pi is 3.1415926536
Time to calculate Pi in // with 100000000 steps is: 6.62282
Pi is 3.1415926536
Time to calculate Pi in // with 100000000 guesses is: 0.423776
Pi is 3.1416546000
