The first 10 digits of Pi are 3.1415926535
Time to calculate Pi serially with 1000000000 steps is: 3.90428
Pi is 3.1415926536
Time to calculate Pi in // with 1000000000 steps is: 11.5573
Pi is 3.1415926536
Time to calculate Pi in // with 1000000000 guesses is: 16.8833
Pi is 3.1415906440
The first 10 digits of Pi are 3.1415926535
Time to calculate Pi serially with 1000000000 steps is: 3.90509
Pi is 3.1415926536
Time to calculate Pi in // with 1000000000 steps is: 11.5579
Pi is 3.1415926536
Time to calculate Pi in // with 1000000000 guesses is: 16.9356
Pi is 3.1415879640
The first 10 digits of Pi are 3.1415926535
Time to calculate Pi serially with 1000000000 steps is: 3.90416
Pi is 3.1415926536
Time to calculate Pi in // with 1000000000 steps is: 11.5584
Pi is 3.1415926536
Time to calculate Pi in // with 1000000000 guesses is: 16.9444
Pi is 3.1415842680
The first 10 digits of Pi are 3.1415926535
Time to calculate Pi serially with 1000000000 steps is: 3.90465
Pi is 3.1415926536
Time to calculate Pi in // with 1000000000 steps is: 11.5662
Pi is 3.1415926536
Time to calculate Pi in // with 1000000000 guesses is: 16.98
Pi is 3.1415833000
The first 10 digits of Pi are 3.1415926535
Time to calculate Pi serially with 1000000000 steps is: 3.90688
Pi is 3.1415926536
Time to calculate Pi in // with 1000000000 steps is: 11.5658
Pi is 3.1415926536
Time to calculate Pi in // with 1000000000 guesses is: 16.8623
Pi is 3.1415783240
The first 10 digits of Pi are 3.1415926535
Time to calculate Pi serially with 1000000000 steps is: 3.90446
Pi is 3.1415926536
Time to calculate Pi in // with 1000000000 steps is: 11.5629
Pi is 3.1415926536
Time to calculate Pi in // with 1000000000 guesses is: 16.9026
Pi is 3.1415952040
The first 10 digits of Pi are 3.1415926535
Time to calculate Pi serially with 1000000000 steps is: 3.90712
Pi is 3.1415926536
Time to calculate Pi in // with 1000000000 steps is: 11.5588
Pi is 3.1415926536
Time to calculate Pi in // with 1000000000 guesses is: 16.8512
Pi is 3.1415921240
The first 10 digits of Pi are 3.1415926535
Time to calculate Pi serially with 1000000000 steps is: 3.90611
Pi is 3.1415926536
Time to calculate Pi in // with 1000000000 steps is: 11.563
Pi is 3.1415926536
Time to calculate Pi in // with 1000000000 guesses is: 16.8925
Pi is 3.1415977080
The first 10 digits of Pi are 3.1415926535
Time to calculate Pi serially with 1000000000 steps is: 3.90613
Pi is 3.1415926536
Time to calculate Pi in // with 1000000000 steps is: 11.5569
Pi is 3.1415926536
Time to calculate Pi in // with 1000000000 guesses is: 16.9159
Pi is 3.1415841920
The first 10 digits of Pi are 3.1415926535
Time to calculate Pi serially with 1000000000 steps is: 1.46203
Pi is 3.1415926536
Time to calculate Pi in // with 1000000000 steps is: 6.81494
Pi is 3.1415926536
Time to calculate Pi in // with 1000000000 guesses is: 12.4605
Pi is 3.1415868280
The first 10 digits of Pi are 3.1415926535
Time to calculate Pi serially with 1000000000 steps is: 1.46208
Pi is 3.1415926536
Time to calculate Pi in // with 1000000000 steps is: 6.81792
Pi is 3.1415926536
Time to calculate Pi in // with 1000000000 guesses is: 12.4746
Pi is 3.1415926320
The first 10 digits of Pi are 3.1415926535
Time to calculate Pi serially with 1000000000 steps is: 1.46331
Pi is 3.1415926536
Time to calculate Pi in // with 1000000000 steps is: 6.81772
Pi is 3.1415926536
Time to calculate Pi in // with 1000000000 guesses is: 12.4688
Pi is 3.1415816560
The first 10 digits of Pi are 3.1415926535
Time to calculate Pi serially with 1000000000 steps is: 1.46274
Pi is 3.1415926536
Time to calculate Pi in // with 1000000000 steps is: 6.81823
Pi is 3.1415926536
Time to calculate Pi in // with 1000000000 guesses is: 12.4835
Pi is 3.1415951120
The first 10 digits of Pi are 3.1415926535
Time to calculate Pi serially with 1000000000 steps is: 1.46362
Pi is 3.1415926536
Time to calculate Pi in // with 1000000000 steps is: 6.81858
Pi is 3.1415926536
Time to calculate Pi in // with 1000000000 guesses is: 12.4674
Pi is 3.1415874960
The first 10 digits of Pi are 3.1415926535
Time to calculate Pi serially with 1000000000 steps is: 1.46301
Pi is 3.1415926536
Time to calculate Pi in // with 1000000000 steps is: 6.81887
Pi is 3.1415926536
Time to calculate Pi in // with 1000000000 guesses is: 12.4815
Pi is 3.1415905200
The first 10 digits of Pi are 3.1415926535
Time to calculate Pi serially with 1000000000 steps is: 1.46243
Pi is 3.1415926536
Time to calculate Pi in // with 1000000000 steps is: 6.81911
Pi is 3.1415926536
Time to calculate Pi in // with 1000000000 guesses is: 12.4727
Pi is 3.1415971120
The first 10 digits of Pi are 3.1415926535
Time to calculate Pi serially with 1000000000 steps is: 1.463
Pi is 3.1415926536
Time to calculate Pi in // with 1000000000 steps is: 6.81854
Pi is 3.1415926536
Time to calculate Pi in // with 1000000000 guesses is: 12.4833
Pi is 3.1415841400
The first 10 digits of Pi are 3.1415926535
Time to calculate Pi serially with 1000000000 steps is: 1.46218
Pi is 3.1415926536
Time to calculate Pi in // with 1000000000 steps is: 6.81927
Pi is 3.1415926536
Time to calculate Pi in // with 1000000000 guesses is: 12.4787
Pi is 3.1415853080
The first 10 digits of Pi are 3.1415926535
Time to calculate Pi serially with 1000000000 steps is: 1.46289
Pi is 3.1415926536
Time to calculate Pi in // with 1000000000 steps is: 6.81855
Pi is 3.1415926536
Time to calculate Pi in // with 1000000000 guesses is: 12.4871
Pi is 3.1415832280
The first 10 digits of Pi are 3.1415926535
Time to calculate Pi serially with 1000000000 steps is: 1.46315
Pi is 3.1415926536
Time to calculate Pi in // with 1000000000 steps is: 6.82019
Pi is 3.1415926536
Time to calculate Pi in // with 1000000000 guesses is: 12.4781
Pi is 3.1415831480
