The first 10 digits of Pi are 3.1415926535
Time to calculate Pi serially with 1000000000 steps is: 1.46367
Pi is 3.1415926536
Time to calculate Pi in // with 1000000000 steps is: 135.617
Pi is 3.1415926536
Time to calculate Pi in // with 1000000000 guesses is: 1.56302
Pi is 3.1415773680
The first 10 digits of Pi are 3.1415926535
Time to calculate Pi serially with 1000000000 steps is: 1.46357
Pi is 3.1415926536
Time to calculate Pi in // with 1000000000 steps is: 138.806
Pi is 3.1415926536
Time to calculate Pi in // with 1000000000 guesses is: 1.56417
Pi is 3.1415804680
The first 10 digits of Pi are 3.1415926535
Time to calculate Pi serially with 1000000000 steps is: 1.46339
Pi is 3.1415926536
Time to calculate Pi in // with 1000000000 steps is: 110.415
Pi is 3.1415926536
Time to calculate Pi in // with 1000000000 guesses is: 1.56472
Pi is 3.1415802480
The first 10 digits of Pi are 3.1415926535
Time to calculate Pi serially with 1000000000 steps is: 1.464
Pi is 3.1415926536
Time to calculate Pi in // with 1000000000 steps is: 138.766
Pi is 3.1415926536
Time to calculate Pi in // with 1000000000 guesses is: 1.5632
Pi is 3.1415664360
The first 10 digits of Pi are 3.1415926535
Time to calculate Pi serially with 1000000000 steps is: 1.46278
Pi is 3.1415926536
Time to calculate Pi in // with 1000000000 steps is: 113.759
Pi is 3.1415926536
Time to calculate Pi in // with 1000000000 guesses is: 1.5628
Pi is 3.1416064800
The first 10 digits of Pi are 3.1415926535
Time to calculate Pi serially with 1000000000 steps is: 1.46223
Pi is 3.1415926536
Time to calculate Pi in // with 1000000000 steps is: 134.906
Pi is 3.1415926536
Time to calculate Pi in // with 1000000000 guesses is: 1.56259
Pi is 3.1415945720
