The first 10 digits of Pi are 3.1415926535
Time to calculate Pi serially with 1000000000 steps is: 1.46218
Pi is 3.1415926536
Time to calculate Pi in // with 1000000000 steps is: 81.7432
Pi is 3.1415926536
Time to calculate Pi in // with 1000000000 guesses is: 3.12409
Pi is 3.1415855640
The first 10 digits of Pi are 3.1415926535
Time to calculate Pi serially with 1000000000 steps is: 1.46245
Pi is 3.1415926536
Time to calculate Pi in // with 1000000000 steps is: 99.7668
Pi is 3.1415926536
Time to calculate Pi in // with 1000000000 guesses is: 3.12113
Pi is 3.1415787240
The first 10 digits of Pi are 3.1415926535
Time to calculate Pi serially with 1000000000 steps is: 1.46137
Pi is 3.1415926536
Time to calculate Pi in // with 1000000000 steps is: 85.1349
Pi is 3.1415926536
Time to calculate Pi in // with 1000000000 guesses is: 3.12334
Pi is 3.1415959600
The first 10 digits of Pi are 3.1415926535
Time to calculate Pi serially with 1000000000 steps is: 1.46179
Pi is 3.1415926536
Time to calculate Pi in // with 1000000000 steps is: 100.759
Pi is 3.1415926536
Time to calculate Pi in // with 1000000000 guesses is: 3.12157
Pi is 3.1415984240
The first 10 digits of Pi are 3.1415926535
Time to calculate Pi serially with 1000000000 steps is: 1.46218
Pi is 3.1415926536
Time to calculate Pi in // with 1000000000 steps is: 81.8831
Pi is 3.1415926536
Time to calculate Pi in // with 1000000000 guesses is: 3.12984
Pi is 3.1415920560
The first 10 digits of Pi are 3.1415926535
Time to calculate Pi serially with 1000000000 steps is: 1.46333
Pi is 3.1415926536
Time to calculate Pi in // with 1000000000 steps is: 99.5671
Pi is 3.1415926536
Time to calculate Pi in // with 1000000000 guesses is: 3.11887
Pi is 3.1415683240
The first 10 digits of Pi are 3.1415926535
Time to calculate Pi serially with 1000000000 steps is: 1.46204
Pi is 3.1415926536
Time to calculate Pi in // with 1000000000 steps is: 101.545
Pi is 3.1415926536
Time to calculate Pi in // with 1000000000 guesses is: 3.11777
Pi is 3.1415885320
The first 10 digits of Pi are 3.1415926535
Time to calculate Pi serially with 1000000000 steps is: 1.4616
Pi is 3.1415926536
Time to calculate Pi in // with 1000000000 steps is: 98.8936
Pi is 3.1415926536
Time to calculate Pi in // with 1000000000 guesses is: 3.11928
Pi is 3.1415853360
The first 10 digits of Pi are 3.1415926535
Time to calculate Pi serially with 1000000000 steps is: 1.46191
Pi is 3.1415926536
Time to calculate Pi in // with 1000000000 steps is: 101.07
Pi is 3.1415926536
Time to calculate Pi in // with 1000000000 guesses is: 3.12867
Pi is 3.1415818120
