The first 10 digits of Pi are 3.1415926535
Time to calculate Pi serially with 1000000000 steps is: 1.46436
Pi is 3.1415926536
Time to calculate Pi in // with 1000000000 steps is: 122.907
Pi is 3.1415926536
Time to calculate Pi in // with 1000000000 guesses is: 0.782465
Pi is 3.1416055840
The first 10 digits of Pi are 3.1415926535
Time to calculate Pi serially with 1000000000 steps is: 1.46386
Pi is 3.1415926536
Time to calculate Pi in // with 1000000000 steps is: 126.995
Pi is 3.1415926536
Time to calculate Pi in // with 1000000000 guesses is: 0.783499
Pi is 3.1416130800
The first 10 digits of Pi are 3.1415926535
Time to calculate Pi serially with 1000000000 steps is: 1.46298
Pi is 3.1415926536
Time to calculate Pi in // with 1000000000 steps is: 91.1255
Pi is 3.1415926536
Time to calculate Pi in // with 1000000000 guesses is: 0.782223
Pi is 3.1415797800
The first 10 digits of Pi are 3.1415926535
Time to calculate Pi serially with 1000000000 steps is: 1.46388
Pi is 3.1415926536
Time to calculate Pi in // with 1000000000 steps is: 127.254
Pi is 3.1415926536
Time to calculate Pi in // with 1000000000 guesses is: 0.783016
Pi is 3.1415737400
The first 10 digits of Pi are 3.1415926535
Time to calculate Pi serially with 1000000000 steps is: 1.46266
Pi is 3.1415926536
Time to calculate Pi in // with 1000000000 steps is: 131.595
Pi is 3.1415926536
Time to calculate Pi in // with 1000000000 guesses is: 0.781955
Pi is 3.1416172280
The first 10 digits of Pi are 3.1415926535
Time to calculate Pi serially with 1000000000 steps is: 1.46271
Pi is 3.1415926536
Time to calculate Pi in // with 1000000000 steps is: 127.418
Pi is 3.1415926536
Time to calculate Pi in // with 1000000000 guesses is: 0.781636
Pi is 3.1415698800
The first 10 digits of Pi are 3.1415926535
Time to calculate Pi serially with 1000000000 steps is: 1.46262
Pi is 3.1415926536
Time to calculate Pi in // with 1000000000 steps is: 120.911
Pi is 3.1415926536
Time to calculate Pi in // with 1000000000 guesses is: 0.7836
Pi is 3.1415686800
