The first 10 digits of Pi are 3.1415926535
Time to calculate Pi serially with 1000000000 steps is: 1.46202
Pi is 3.1415926536
Time to calculate Pi in // with 1000000000 steps is: 47.1398
Pi is 3.1415926536
Time to calculate Pi in // with 1000000000 guesses is: 6.24143
Pi is 3.1415933400
The first 10 digits of Pi are 3.1415926535
Time to calculate Pi serially with 1000000000 steps is: 1.46214
Pi is 3.1415926536
Time to calculate Pi in // with 1000000000 steps is: 53.6982
Pi is 3.1415926536
Time to calculate Pi in // with 1000000000 guesses is: 6.23442
Pi is 3.1415832160
The first 10 digits of Pi are 3.1415926535
Time to calculate Pi serially with 1000000000 steps is: 1.46168
Pi is 3.1415926536
Time to calculate Pi in // with 1000000000 steps is: 47.088
Pi is 3.1415926536
Time to calculate Pi in // with 1000000000 guesses is: 6.23763
Pi is 3.1415818760
The first 10 digits of Pi are 3.1415926535
Time to calculate Pi serially with 1000000000 steps is: 1.4617
Pi is 3.1415926536
Time to calculate Pi in // with 1000000000 steps is: 49.0922
Pi is 3.1415926536
Time to calculate Pi in // with 1000000000 guesses is: 6.23727
Pi is 3.1415743640
The first 10 digits of Pi are 3.1415926535
Time to calculate Pi serially with 1000000000 steps is: 1.46115
Pi is 3.1415926536
Time to calculate Pi in // with 1000000000 steps is: 47.1176
Pi is 3.1415926536
Time to calculate Pi in // with 1000000000 guesses is: 6.24372
Pi is 3.1415883920
The first 10 digits of Pi are 3.1415926535
Time to calculate Pi serially with 1000000000 steps is: 1.46206
Pi is 3.1415926536
Time to calculate Pi in // with 1000000000 steps is: 33.3142
Pi is 3.1415926536
Time to calculate Pi in // with 1000000000 guesses is: 6.23281
Pi is 3.1416040960
The first 10 digits of Pi are 3.1415926535
Time to calculate Pi serially with 1000000000 steps is: 1.46265
Pi is 3.1415926536
Time to calculate Pi in // with 1000000000 steps is: 47.0991
Pi is 3.1415926536
Time to calculate Pi in // with 1000000000 guesses is: 6.24165
Pi is 3.1415927080
The first 10 digits of Pi are 3.1415926535
Time to calculate Pi serially with 1000000000 steps is: 1.46257
Pi is 3.1415926536
Time to calculate Pi in // with 1000000000 steps is: 50.9914
Pi is 3.1415926536
Time to calculate Pi in // with 1000000000 guesses is: 6.24444
Pi is 3.1415822120
The first 10 digits of Pi are 3.1415926535
Time to calculate Pi serially with 1000000000 steps is: 1.46338
Pi is 3.1415926536
Time to calculate Pi in // with 1000000000 steps is: 53.4854
Pi is 3.1415926536
Time to calculate Pi in // with 1000000000 guesses is: 6.24418
Pi is 3.1415857320
The first 10 digits of Pi are 3.1415926535
Time to calculate Pi serially with 1000000000 steps is: 1.46206
Pi is 3.1415926536
Time to calculate Pi in // with 1000000000 steps is: 49.6202
Pi is 3.1415926536
Time to calculate Pi in // with 1000000000 guesses is: 6.23999
Pi is 3.1415882400
The first 10 digits of Pi are 3.1415926535
Time to calculate Pi serially with 1000000000 steps is: 1.46148
Pi is 3.1415926536
Time to calculate Pi in // with 1000000000 steps is: 49.1647
Pi is 3.1415926536
Time to calculate Pi in // with 1000000000 guesses is: 6.23321
Pi is 3.1415816880
The first 10 digits of Pi are 3.1415926535
Time to calculate Pi serially with 1000000000 steps is: 1.46197
Pi is 3.1415926536
Time to calculate Pi in // with 1000000000 steps is: 50.6999
Pi is 3.1415926536
Time to calculate Pi in // with 1000000000 guesses is: 6.23579
Pi is 3.1415890560
The first 10 digits of Pi are 3.1415926535
Time to calculate Pi serially with 1000000000 steps is: 1.46183
Pi is 3.1415926536
Time to calculate Pi in // with 1000000000 steps is: 37.7356
Pi is 3.1415926536
Time to calculate Pi in // with 1000000000 guesses is: 6.23612
Pi is 3.1415862200
The first 10 digits of Pi are 3.1415926535
Time to calculate Pi serially with 1000000000 steps is: 1.46252
Pi is 3.1415926536
Time to calculate Pi in // with 1000000000 steps is: 47.0677
Pi is 3.1415926536
Time to calculate Pi in // with 1000000000 guesses is: 6.23248
Pi is 3.1415927960
The first 10 digits of Pi are 3.1415926535
Time to calculate Pi serially with 1000000000 steps is: 1.46184
Pi is 3.1415926536
Time to calculate Pi in // with 1000000000 steps is: 33.2701
Pi is 3.1415926536
Time to calculate Pi in // with 1000000000 guesses is: 6.23928
Pi is 3.1415909240
The first 10 digits of Pi are 3.1415926535
Time to calculate Pi serially with 1000000000 steps is: 1.46141
Pi is 3.1415926536
Time to calculate Pi in // with 1000000000 steps is: 47.2314
Pi is 3.1415926536
Time to calculate Pi in // with 1000000000 guesses is: 6.23396
Pi is 3.1415906920
