The first 10 digits of Pi are 3.1415926535
Time to calculate Pi serially with 1000000000 steps is: 1.46226
Pi is 3.1415926536
Time to calculate Pi in // with 1000000000 steps is: 6.81672
Pi is 3.1415926536
Time to calculate Pi in // with 1000000000 guesses is: 12.4594
Pi is 3.1415875280
The first 10 digits of Pi are 3.1415926535
Time to calculate Pi serially with 1000000000 steps is: 1.46269
Pi is 3.1415926536
Time to calculate Pi in // with 1000000000 steps is: 6.81797
Pi is 3.1415926536
Time to calculate Pi in // with 1000000000 guesses is: 12.4789
Pi is 3.1415908880
The first 10 digits of Pi are 3.1415926535
Time to calculate Pi serially with 1000000000 steps is: 1.46239
Pi is 3.1415926536
Time to calculate Pi in // with 1000000000 steps is: 6.81767
Pi is 3.1415926536
Time to calculate Pi in // with 1000000000 guesses is: 12.467
Pi is 3.1415925880
The first 10 digits of Pi are 3.1415926535
Time to calculate Pi serially with 1000000000 steps is: 1.46247
Pi is 3.1415926536
Time to calculate Pi in // with 1000000000 steps is: 6.81699
Pi is 3.1415926536
Time to calculate Pi in // with 1000000000 guesses is: 12.4796
Pi is 3.1415900840
The first 10 digits of Pi are 3.1415926535
Time to calculate Pi serially with 1000000000 steps is: 1.46311
Pi is 3.1415926536
Time to calculate Pi in // with 1000000000 steps is: 6.81816
Pi is 3.1415926536
Time to calculate Pi in // with 1000000000 guesses is: 12.4715
Pi is 3.1415791640
The first 10 digits of Pi are 3.1415926535
Time to calculate Pi serially with 1000000000 steps is: 1.46182
Pi is 3.1415926536
Time to calculate Pi in // with 1000000000 steps is: 6.81464
Pi is 3.1415926536
Time to calculate Pi in // with 1000000000 guesses is: 12.4687
Pi is 3.1415910800
The first 10 digits of Pi are 3.1415926535
Time to calculate Pi serially with 1000000000 steps is: 1.46206
Pi is 3.1415926536
Time to calculate Pi in // with 1000000000 steps is: 6.81459
Pi is 3.1415926536
Time to calculate Pi in // with 1000000000 guesses is: 12.446
Pi is 3.1415845360
The first 10 digits of Pi are 3.1415926535
Time to calculate Pi serially with 1000000000 steps is: 1.46212
Pi is 3.1415926536
Time to calculate Pi in // with 1000000000 steps is: 6.81653
Pi is 3.1415926536
Time to calculate Pi in // with 1000000000 guesses is: 12.4654
Pi is 3.1415907280
The first 10 digits of Pi are 3.1415926535
Time to calculate Pi serially with 1000000000 steps is: 1.46207
Pi is 3.1415926536
Time to calculate Pi in // with 1000000000 steps is: 6.81669
Pi is 3.1415926536
Time to calculate Pi in // with 1000000000 guesses is: 12.4561
Pi is 3.1415955760
The first 10 digits of Pi are 3.1415926535
Time to calculate Pi serially with 1000000000 steps is: 1.46232
Pi is 3.1415926536
Time to calculate Pi in // with 1000000000 steps is: 6.81671
Pi is 3.1415926536
Time to calculate Pi in // with 1000000000 guesses is: 12.4712
Pi is 3.1415910280
The first 10 digits of Pi are 3.1415926535
Time to calculate Pi serially with 1000000000 steps is: 1.46276
Pi is 3.1415926536
Time to calculate Pi in // with 1000000000 steps is: 6.81562
Pi is 3.1415926536
Time to calculate Pi in // with 1000000000 guesses is: 12.4692
Pi is 3.1415947240
The first 10 digits of Pi are 3.1415926535
Time to calculate Pi serially with 1000000000 steps is: 1.46228
Pi is 3.1415926536
Time to calculate Pi in // with 1000000000 steps is: 6.81642
Pi is 3.1415926536
Time to calculate Pi in // with 1000000000 guesses is: 12.4733
Pi is 3.1415844720
The first 10 digits of Pi are 3.1415926535
Time to calculate Pi serially with 1000000000 steps is: 1.46248
Pi is 3.1415926536
Time to calculate Pi in // with 1000000000 steps is: 6.81817
Pi is 3.1415926536
Time to calculate Pi in // with 1000000000 guesses is: 12.463
Pi is 3.1415892360
The first 10 digits of Pi are 3.1415926535
Time to calculate Pi serially with 1000000000 steps is: 1.46285
Pi is 3.1415926536
Time to calculate Pi in // with 1000000000 steps is: 6.81672
Pi is 3.1415926536
Time to calculate Pi in // with 1000000000 guesses is: 12.4775
Pi is 3.1415867680
The first 10 digits of Pi are 3.1415926535
Time to calculate Pi serially with 1000000000 steps is: 1.46182
Pi is 3.1415926536
Time to calculate Pi in // with 1000000000 steps is: 6.81615
Pi is 3.1415926536
Time to calculate Pi in // with 1000000000 guesses is: 12.4574
Pi is 3.1415883280
The first 10 digits of Pi are 3.1415926535
Time to calculate Pi serially with 1000000000 steps is: 1.46272
Pi is 3.1415926536
Time to calculate Pi in // with 1000000000 steps is: 6.81519
Pi is 3.1415926536
Time to calculate Pi in // with 1000000000 guesses is: 12.4692
Pi is 3.1415885720
The first 10 digits of Pi are 3.1415926535
Time to calculate Pi serially with 1000000000 steps is: 1.462
Pi is 3.1415926536
Time to calculate Pi in // with 1000000000 steps is: 6.81628
Pi is 3.1415926536
Time to calculate Pi in // with 1000000000 guesses is: 12.444
Pi is 3.1415835160
The first 10 digits of Pi are 3.1415926535
Time to calculate Pi serially with 1000000000 steps is: 1.46241
Pi is 3.1415926536
Time to calculate Pi in // with 1000000000 steps is: 6.81604
Pi is 3.1415926536
Time to calculate Pi in // with 1000000000 guesses is: 12.4738
Pi is 3.1415897600
The first 10 digits of Pi are 3.1415926535
Time to calculate Pi serially with 1000000000 steps is: 1.46283
Pi is 3.1415926536
Time to calculate Pi in // with 1000000000 steps is: 6.81842
Pi is 3.1415926536
Time to calculate Pi in // with 1000000000 guesses is: 12.4483
Pi is 3.1415858000
The first 10 digits of Pi are 3.1415926535
Time to calculate Pi serially with 1000000000 steps is: 1.46307
Pi is 3.1415926536
Time to calculate Pi in // with 1000000000 steps is: 6.823
Pi is 3.1415926536
Time to calculate Pi in // with 1000000000 guesses is: 12.4773
Pi is 3.1415783080
