The first 10 digits of Pi are 3.1415926535
Time to calculate Pi serially with 1000000000 steps is: 3.91132
Pi is 3.1415926536
Time to calculate Pi in // with 1000000000 steps is: 67.2
Pi is 3.1415926536
Time to calculate Pi in // with 1000000000 guesses is: 2.12997
Pi is 3.1415854360
The first 10 digits of Pi are 3.1415926535
Time to calculate Pi serially with 1000000000 steps is: 3.91068
Pi is 3.1415926536
Time to calculate Pi in // with 1000000000 steps is: 82.283
Pi is 3.1415926536
Time to calculate Pi in // with 1000000000 guesses is: 2.12946
Pi is 3.1415926480
The first 10 digits of Pi are 3.1415926535
Time to calculate Pi serially with 1000000000 steps is: 3.90944
Pi is 3.1415926536
Time to calculate Pi in // with 1000000000 steps is: 85.2215
Pi is 3.1415926536
Time to calculate Pi in // with 1000000000 guesses is: 2.13267
Pi is 3.1415908360
The first 10 digits of Pi are 3.1415926535
Time to calculate Pi serially with 1000000000 steps is: 3.90791
Pi is 3.1415926536
Time to calculate Pi in // with 1000000000 steps is: 82.25
Pi is 3.1415926536
Time to calculate Pi in // with 1000000000 guesses is: 2.1284
Pi is 3.1416098840
The first 10 digits of Pi are 3.1415926535
Time to calculate Pi serially with 1000000000 steps is: 3.90864
Pi is 3.1415926536
Time to calculate Pi in // with 1000000000 steps is: 58.0164
Pi is 3.1415926536
Time to calculate Pi in // with 1000000000 guesses is: 2.17812
Pi is 3.1415959920
The first 10 digits of Pi are 3.1415926535
Time to calculate Pi serially with 1000000000 steps is: 3.90748
Pi is 3.1415926536
Time to calculate Pi in // with 1000000000 steps is: 88.1842
Pi is 3.1415926536
Time to calculate Pi in // with 1000000000 guesses is: 2.13035
Pi is 3.1415970600
The first 10 digits of Pi are 3.1415926535
Time to calculate Pi serially with 1000000000 steps is: 3.90791
Pi is 3.1415926536
Time to calculate Pi in // with 1000000000 steps is: 81.8001
Pi is 3.1415926536
Time to calculate Pi in // with 1000000000 guesses is: 2.12799
Pi is 3.1415877960
The first 10 digits of Pi are 3.1415926535
Time to calculate Pi serially with 1000000000 steps is: 3.90727
Pi is 3.1415926536
Time to calculate Pi in // with 1000000000 steps is: 83.0744
Pi is 3.1415926536
Time to calculate Pi in // with 1000000000 guesses is: 2.17238
Pi is 3.1415771760
The first 10 digits of Pi are 3.1415926535
Time to calculate Pi serially with 1000000000 steps is: 3.90914
Pi is 3.1415926536
Time to calculate Pi in // with 1000000000 steps is: 88.0417
Pi is 3.1415926536
Time to calculate Pi in // with 1000000000 guesses is: 2.12944
Pi is 3.1415990560
The first 10 digits of Pi are 3.1415926535
Time to calculate Pi serially with 1000000000 steps is: 3.90916
Pi is 3.1415926536
Time to calculate Pi in // with 1000000000 steps is: 63.284
Pi is 3.1415926536
Time to calculate Pi in // with 1000000000 guesses is: 2.12899
Pi is 3.1415956840
