The first 10 digits of Pi are 3.1415926535
Time to calculate Pi serially with 1000000000 steps is: 3.90742
Pi is 3.1415926536
Time to calculate Pi in // with 1000000000 steps is: 104.128
Pi is 3.1415926536
Time to calculate Pi in // with 1000000000 guesses is: 1.06494
Pi is 3.1415882600
The first 10 digits of Pi are 3.1415926535
Time to calculate Pi serially with 1000000000 steps is: 3.90995
Pi is 3.1415926536
Time to calculate Pi in // with 1000000000 steps is: 110.35
Pi is 3.1415926536
Time to calculate Pi in // with 1000000000 guesses is: 1.06605
Pi is 3.1415970640
The first 10 digits of Pi are 3.1415926535
Time to calculate Pi serially with 1000000000 steps is: 3.90908
Pi is 3.1415926536
Time to calculate Pi in // with 1000000000 steps is: 77.0951
Pi is 3.1415926536
Time to calculate Pi in // with 1000000000 guesses is: 1.0982
Pi is 3.1416203800
The first 10 digits of Pi are 3.1415926535
Time to calculate Pi serially with 1000000000 steps is: 3.90775
Pi is 3.1415926536
Time to calculate Pi in // with 1000000000 steps is: 118.889
Pi is 3.1415926536
Time to calculate Pi in // with 1000000000 guesses is: 1.08795
Pi is 3.1415832040
The first 10 digits of Pi are 3.1415926535
Time to calculate Pi serially with 1000000000 steps is: 3.90718
Pi is 3.1415926536
Time to calculate Pi in // with 1000000000 steps is: 76.9851
Pi is 3.1415926536
Time to calculate Pi in // with 1000000000 guesses is: 1.07935
Pi is 3.1416050200
The first 10 digits of Pi are 3.1415926535
Time to calculate Pi serially with 1000000000 steps is: 3.90678
Pi is 3.1415926536
Time to calculate Pi in // with 1000000000 steps is: 120.318
Pi is 3.1415926536
Time to calculate Pi in // with 1000000000 guesses is: 1.06465
Pi is 3.1415722280
The first 10 digits of Pi are 3.1415926535
Time to calculate Pi serially with 1000000000 steps is: 3.9074
Pi is 3.1415926536
Time to calculate Pi in // with 1000000000 steps is: 83.4998
Pi is 3.1415926536
Time to calculate Pi in // with 1000000000 guesses is: 1.08141
Pi is 3.1415847240
The first 10 digits of Pi are 3.1415926535
Time to calculate Pi serially with 1000000000 steps is: 3.90691
Pi is 3.1415926536
Time to calculate Pi in // with 1000000000 steps is: 113.442
Pi is 3.1415926536
Time to calculate Pi in // with 1000000000 guesses is: 1.08231
Pi is 3.1415451520
