The first 10 digits of Pi are 3.1415926535
Time to calculate Pi serially with 1000000000 steps is: 3.90784
Pi is 3.1415926536
Time to calculate Pi in // with 1000000000 steps is: 67.829
Pi is 3.1415926536
Time to calculate Pi in // with 1000000000 guesses is: 4.23633
Pi is 3.1416091320
The first 10 digits of Pi are 3.1415926535
Time to calculate Pi serially with 1000000000 steps is: 3.90839
Pi is 3.1415926536
Time to calculate Pi in // with 1000000000 steps is: 73.1077
Pi is 3.1415926536
Time to calculate Pi in // with 1000000000 guesses is: 4.26165
Pi is 3.1415767480
The first 10 digits of Pi are 3.1415926535
Time to calculate Pi serially with 1000000000 steps is: 3.91316
Pi is 3.1415926536
Time to calculate Pi in // with 1000000000 steps is: 65.8429
Pi is 3.1415926536
Time to calculate Pi in // with 1000000000 guesses is: 4.25621
Pi is 3.1415797560
The first 10 digits of Pi are 3.1415926535
Time to calculate Pi serially with 1000000000 steps is: 3.90928
Pi is 3.1415926536
Time to calculate Pi in // with 1000000000 steps is: 72.5274
Pi is 3.1415926536
Time to calculate Pi in // with 1000000000 guesses is: 4.23396
Pi is 3.1415848720
The first 10 digits of Pi are 3.1415926535
Time to calculate Pi serially with 1000000000 steps is: 3.90821
Pi is 3.1415926536
Time to calculate Pi in // with 1000000000 steps is: 63.0383
Pi is 3.1415926536
Time to calculate Pi in // with 1000000000 guesses is: 4.23358
Pi is 3.1415902440
The first 10 digits of Pi are 3.1415926535
Time to calculate Pi serially with 1000000000 steps is: 3.91092
Pi is 3.1415926536
Time to calculate Pi in // with 1000000000 steps is: 73.6708
Pi is 3.1415926536
Time to calculate Pi in // with 1000000000 guesses is: 4.232
Pi is 3.1415899000
The first 10 digits of Pi are 3.1415926535
Time to calculate Pi serially with 1000000000 steps is: 3.90744
Pi is 3.1415926536
Time to calculate Pi in // with 1000000000 steps is: 64.9304
Pi is 3.1415926536
Time to calculate Pi in // with 1000000000 guesses is: 4.23314
Pi is 3.1415769760
The first 10 digits of Pi are 3.1415926535
Time to calculate Pi serially with 1000000000 steps is: 3.90718
Pi is 3.1415926536
Time to calculate Pi in // with 1000000000 steps is: 65.3929
Pi is 3.1415926536
Time to calculate Pi in // with 1000000000 guesses is: 4.25433
Pi is 3.1415875160
The first 10 digits of Pi are 3.1415926535
Time to calculate Pi serially with 1000000000 steps is: 3.90672
Pi is 3.1415926536
Time to calculate Pi in // with 1000000000 steps is: 73.9061
Pi is 3.1415926536
Time to calculate Pi in // with 1000000000 guesses is: 4.25684
Pi is 3.1415876320
The first 10 digits of Pi are 3.1415926535
Time to calculate Pi serially with 1000000000 steps is: 3.90809
Pi is 3.1415926536
Time to calculate Pi in // with 1000000000 steps is: 69.4601
Pi is 3.1415926536
Time to calculate Pi in // with 1000000000 guesses is: 4.24113
Pi is 3.1415878920
The first 10 digits of Pi are 3.1415926535
Time to calculate Pi serially with 1000000000 steps is: 3.90966
Pi is 3.1415926536
Time to calculate Pi in // with 1000000000 steps is: 58.7032
Pi is 3.1415926536
Time to calculate Pi in // with 1000000000 guesses is: 4.25609
Pi is 3.1415867760
