The first 10 digits of Pi are 3.1415926535
Time to calculate Pi serially with 100000000000 steps is: 4.75247
Pi is 3.1415926536
Time to calculate Pi in // with 100000000000 steps is: 14.0764
Pi is 3.1415926536
Time to calculate Pi in // with 100000000000 guesses is: 20.633
Pi is 3.1415931809
The first 10 digits of Pi are 3.1415926535
Time to calculate Pi serially with 100000000000 steps is: 4.7512
Pi is 3.1415926536
Time to calculate Pi in // with 100000000000 steps is: 14.0617
Pi is 3.1415926536
Time to calculate Pi in // with 100000000000 guesses is: 20.5832
Pi is 3.1415960926
The first 10 digits of Pi are 3.1415926535
Time to calculate Pi serially with 100000000000 steps is: 4.75298
Pi is 3.1415926536
Time to calculate Pi in // with 100000000000 steps is: 14.0638
Pi is 3.1415926536
Time to calculate Pi in // with 100000000000 guesses is: 20.5743
Pi is 3.1415944936
The first 10 digits of Pi are 3.1415926535
Time to calculate Pi serially with 100000000000 steps is: 4.75246
Pi is 3.1415926536
Time to calculate Pi in // with 100000000000 steps is: 14.0626
Pi is 3.1415926536
Time to calculate Pi in // with 100000000000 guesses is: 20.6443
Pi is 3.1415891669
The first 10 digits of Pi are 3.1415926535
Time to calculate Pi serially with 100000000000 steps is: 4.75276
Pi is 3.1415926536
Time to calculate Pi in // with 100000000000 steps is: 14.0651
Pi is 3.1415926536
Time to calculate Pi in // with 100000000000 guesses is: 20.5654
Pi is 3.1415856859
The first 10 digits of Pi are 3.1415926535
Time to calculate Pi serially with 100000000000 steps is: 4.75246
Pi is 3.1415926536
Time to calculate Pi in // with 100000000000 steps is: 14.0731
Pi is 3.1415926536
Time to calculate Pi in // with 100000000000 guesses is: 20.5944
Pi is 3.1415954708
The first 10 digits of Pi are 3.1415926535
Time to calculate Pi serially with 100000000000 steps is: 4.75134
Pi is 3.1415926536
Time to calculate Pi in // with 100000000000 steps is: 14.0821
Pi is 3.1415926536
Time to calculate Pi in // with 100000000000 guesses is: 20.6501
Pi is 3.1415897558
The first 10 digits of Pi are 3.1415926535
Time to calculate Pi serially with 100000000000 steps is: 4.7553
Pi is 3.1415926536
Time to calculate Pi in // with 100000000000 steps is: 14.0771
Pi is 3.1415926536
Time to calculate Pi in // with 100000000000 guesses is: 20.5811
Pi is 3.1415870875
The first 10 digits of Pi are 3.1415926535
Time to calculate Pi serially with 100000000000 steps is: 4.75269
Pi is 3.1415926536
Time to calculate Pi in // with 100000000000 steps is: 14.0675
Pi is 3.1415926536
Time to calculate Pi in // with 100000000000 guesses is: 20.6016
Pi is 3.1415865841
The first 10 digits of Pi are 3.1415926535
Time to calculate Pi serially with 100000000000 steps is: 4.75447
Pi is 3.1415926536
Time to calculate Pi in // with 100000000000 steps is: 14.0643
Pi is 3.1415926536
Time to calculate Pi in // with 100000000000 guesses is: 20.6585
Pi is 3.1415869789
The first 10 digits of Pi are 3.1415926535
Time to calculate Pi serially with 100000000000 steps is: 4.75639
Pi is 3.1415926536
Time to calculate Pi in // with 100000000000 steps is: 14.0668
Pi is 3.1415926536
Time to calculate Pi in // with 100000000000 guesses is: 20.5353
Pi is 3.1415856333
The first 10 digits of Pi are 3.1415926535
Time to calculate Pi serially with 100000000000 steps is: 4.75351
Pi is 3.1415926536
Time to calculate Pi in // with 100000000000 steps is: 14.0711
Pi is 3.1415926536
Time to calculate Pi in // with 100000000000 guesses is: 20.572
Pi is 3.1415786911
The first 10 digits of Pi are 3.1415926535
Time to calculate Pi serially with 100000000000 steps is: 4.75193
Pi is 3.1415926536
Time to calculate Pi in // with 100000000000 steps is: 14.0894
Pi is 3.1415926536
Time to calculate Pi in // with 100000000000 guesses is: 20.6625
Pi is 3.1415865940
The first 10 digits of Pi are 3.1415926535
Time to calculate Pi serially with 100000000000 steps is: 4.75171
Pi is 3.1415926536
Time to calculate Pi in // with 100000000000 steps is: 14.0848
Pi is 3.1415926536
Time to calculate Pi in // with 100000000000 guesses is: 20.5771
Pi is 3.1415890254
The first 10 digits of Pi are 3.1415926535
Time to calculate Pi serially with 100000000000 steps is: 4.75371
Pi is 3.1415926536
Time to calculate Pi in // with 100000000000 steps is: 14.0718
Pi is 3.1415926536
Time to calculate Pi in // with 100000000000 guesses is: 20.6091
Pi is 3.1415783423
The first 10 digits of Pi are 3.1415926535
Time to calculate Pi serially with 100000000000 steps is: 4.75771
Pi is 3.1415926536
Time to calculate Pi in // with 100000000000 steps is: 14.0657
Pi is 3.1415926536
Time to calculate Pi in // with 100000000000 guesses is: 20.6752
Pi is 3.1415870447
The first 10 digits of Pi are 3.1415926535
Time to calculate Pi serially with 100000000000 steps is: 4.75504
Pi is 3.1415926536
Time to calculate Pi in // with 100000000000 steps is: 14.0864
Pi is 3.1415926536
Time to calculate Pi in // with 100000000000 guesses is: 20.5676
Pi is 3.1415811653
The first 10 digits of Pi are 3.1415926535
Time to calculate Pi serially with 100000000000 steps is: 4.75202
Pi is 3.1415926536
Time to calculate Pi in // with 100000000000 steps is: 14.0686
Pi is 3.1415926536
Time to calculate Pi in // with 100000000000 guesses is: 20.5666
Pi is 3.1415809284
The first 10 digits of Pi are 3.1415926535
Time to calculate Pi serially with 100000000000 steps is: 4.75402
Pi is 3.1415926536
Time to calculate Pi in // with 100000000000 steps is: 14.0758
Pi is 3.1415926536
Time to calculate Pi in // with 100000000000 guesses is: 20.6881
Pi is 3.1415836329
The first 10 digits of Pi are 3.1415926535
Time to calculate Pi serially with 100000000000 steps is: 4.75383
Pi is 3.1415926536
Time to calculate Pi in // with 100000000000 steps is: 14.0805
Pi is 3.1415926536
Time to calculate Pi in // with 100000000000 guesses is: 20.5807
Pi is 3.1415791616
