The first 10 digits of Pi are 3.1415926535
Time to calculate Pi serially with 1000000000 steps is: 3.91118
Pi is 3.1415926536
Time to calculate Pi in // with 1000000000 steps is: 48.2326
Pi is 3.1415926536
Time to calculate Pi in // with 1000000000 guesses is: 8.47423
Pi is 3.1415930560
The first 10 digits of Pi are 3.1415926535
Time to calculate Pi serially with 1000000000 steps is: 3.90999
Pi is 3.1415926536
Time to calculate Pi in // with 1000000000 steps is: 56.5249
Pi is 3.1415926536
Time to calculate Pi in // with 1000000000 guesses is: 8.5197
Pi is 3.1416012360
The first 10 digits of Pi are 3.1415926535
Time to calculate Pi serially with 1000000000 steps is: 3.90939
Pi is 3.1415926536
Time to calculate Pi in // with 1000000000 steps is: 48.8512
Pi is 3.1415926536
Time to calculate Pi in // with 1000000000 guesses is: 8.45921
Pi is 3.1415804160
The first 10 digits of Pi are 3.1415926535
Time to calculate Pi serially with 1000000000 steps is: 3.91282
Pi is 3.1415926536
Time to calculate Pi in // with 1000000000 steps is: 58.4616
Pi is 3.1415926536
Time to calculate Pi in // with 1000000000 guesses is: 8.45558
Pi is 3.1415833200
The first 10 digits of Pi are 3.1415926535
Time to calculate Pi serially with 1000000000 steps is: 3.90639
Pi is 3.1415926536
Time to calculate Pi in // with 1000000000 steps is: 32.7547
Pi is 3.1415926536
Time to calculate Pi in // with 1000000000 guesses is: 8.45545
Pi is 3.1415873960
The first 10 digits of Pi are 3.1415926535
Time to calculate Pi serially with 1000000000 steps is: 3.91162
Pi is 3.1415926536
Time to calculate Pi in // with 1000000000 steps is: 48.9921
Pi is 3.1415926536
Time to calculate Pi in // with 1000000000 guesses is: 8.45924
Pi is 3.1415952840
The first 10 digits of Pi are 3.1415926535
Time to calculate Pi serially with 1000000000 steps is: 3.90759
Pi is 3.1415926536
Time to calculate Pi in // with 1000000000 steps is: 58.7201
Pi is 3.1415926536
Time to calculate Pi in // with 1000000000 guesses is: 8.46025
Pi is 3.1415950720
The first 10 digits of Pi are 3.1415926535
Time to calculate Pi serially with 1000000000 steps is: 3.90793
Pi is 3.1415926536
Time to calculate Pi in // with 1000000000 steps is: 41.0071
Pi is 3.1415926536
Time to calculate Pi in // with 1000000000 guesses is: 8.46126
Pi is 3.1415904880
The first 10 digits of Pi are 3.1415926535
Time to calculate Pi serially with 1000000000 steps is: 3.90949
Pi is 3.1415926536
Time to calculate Pi in // with 1000000000 steps is: 58.2322
Pi is 3.1415926536
Time to calculate Pi in // with 1000000000 guesses is: 8.47229
Pi is 3.1415863080
The first 10 digits of Pi are 3.1415926535
Time to calculate Pi serially with 1000000000 steps is: 3.9086
Pi is 3.1415926536
Time to calculate Pi in // with 1000000000 steps is: 46.5673
Pi is 3.1415926536
Time to calculate Pi in // with 1000000000 guesses is: 8.47861
Pi is 3.1415748160
The first 10 digits of Pi are 3.1415926535
Time to calculate Pi serially with 1000000000 steps is: 3.90738
Pi is 3.1415926536
Time to calculate Pi in // with 1000000000 steps is: 55.8451
Pi is 3.1415926536
Time to calculate Pi in // with 1000000000 guesses is: 8.45746
Pi is 3.1415960320
The first 10 digits of Pi are 3.1415926535
Time to calculate Pi serially with 1000000000 steps is: 3.91373
Pi is 3.1415926536
Time to calculate Pi in // with 1000000000 steps is: 58.544
Pi is 3.1415926536
Time to calculate Pi in // with 1000000000 guesses is: 8.46252
Pi is 3.1415992880
The first 10 digits of Pi are 3.1415926535
Time to calculate Pi serially with 1000000000 steps is: 3.90982
Pi is 3.1415926536
Time to calculate Pi in // with 1000000000 steps is: 58.4847
Pi is 3.1415926536
Time to calculate Pi in // with 1000000000 guesses is: 8.49263
Pi is 3.1415781960
The first 10 digits of Pi are 3.1415926535
Time to calculate Pi serially with 1000000000 steps is: 3.91109
Pi is 3.1415926536
Time to calculate Pi in // with 1000000000 steps is: 40.8947
Pi is 3.1415926536
Time to calculate Pi in // with 1000000000 guesses is: 8.46904
Pi is 3.1415981720
